[2025-10-01 10:56:44.034] [jointLog] [info] setting maxHashResizeThreads to 7
[2025-10-01 10:56:44.034] [jointLog] [info] Fragment incompatibility prior below threshold.  Incompatible fragments will be ignored.
[2025-10-01 10:56:44.034] [jointLog] [info] Usage of --validateMappings implies use of minScoreFraction. Since not explicitly specified, it is being set to 0.65
[2025-10-01 10:56:44.034] [jointLog] [info] Setting consensusSlack to selective-alignment default of 0.35.
[2025-10-01 10:56:44.034] [jointLog] [info] parsing read library format
[2025-10-01 10:56:44.034] [jointLog] [info] There is 1 library.
[2025-10-01 10:56:44.035] [jointLog] [info] Loading pufferfish index
[2025-10-01 10:56:44.036] [jointLog] [info] Loading dense pufferfish index.
[2025-10-01 10:56:44.048] [jointLog] [info] done
[2025-10-01 10:56:44.177] [jointLog] [info] Index contained 111 targets
[2025-10-01 10:56:44.177] [jointLog] [info] Number of decoys : 0
[2025-10-01 10:56:45.551] [fileLog] [info] 
At end of round 0
==================
Observed 79213 total fragments (79213 in most recent round)

[2025-10-01 10:56:45.404] [jointLog] [info] Automatically detected most likely library type as IU

[2025-10-01 10:56:45.551] [jointLog] [info] Computed 252 rich equivalence classes for further processing
[2025-10-01 10:56:45.551] [jointLog] [info] Counted 79213 total reads in the equivalence classes 
[2025-10-01 10:56:45.556] [jointLog] [info] Number of mappings discarded because of alignment score : 20052
[2025-10-01 10:56:45.556] [jointLog] [info] Number of fragments entirely discarded because of alignment score : 0
[2025-10-01 10:56:45.556] [jointLog] [info] Number of fragments discarded because they are best-mapped to decoys : 0
[2025-10-01 10:56:45.556] [jointLog] [info] Number of fragments discarded because they have only dovetail (discordant) mappings to valid targets : 287
[2025-10-01 10:56:45.556] [jointLog] [warning] Only 79213 fragments were mapped, but the number of burn-in fragments was set to 5000000.
The effective lengths have been computed using the observed mappings.

[2025-10-01 10:56:45.556] [jointLog] [info] Mapping rate = 100%

[2025-10-01 10:56:45.556] [jointLog] [info] finished quantifyLibrary()
[2025-10-01 10:56:45.560] [jointLog] [info] Starting optimizer
[2025-10-01 10:56:45.561] [jointLog] [info] Marked 0 weighted equivalence classes as degenerate
[2025-10-01 10:56:45.562] [jointLog] [info] iteration = 0 | max rel diff. = 3227.2
[2025-10-01 10:56:45.569] [jointLog] [info] iteration = 100 | max rel diff. = 0.0254996
[2025-10-01 10:56:45.577] [jointLog] [info] iteration = 200 | max rel diff. = 0.022443
[2025-10-01 10:56:45.582] [jointLog] [info] iteration = 271 | max rel diff. = 0.00998079
[2025-10-01 10:56:45.582] [jointLog] [info] Finished optimizer
[2025-10-01 10:56:45.582] [jointLog] [info] writing output 

