[2025-10-01 11:16:50.351] [jointLog] [info] setting maxHashResizeThreads to 7
[2025-10-01 11:16:50.351] [jointLog] [info] Fragment incompatibility prior below threshold.  Incompatible fragments will be ignored.
[2025-10-01 11:16:50.351] [jointLog] [info] Usage of --validateMappings implies use of minScoreFraction. Since not explicitly specified, it is being set to 0.65
[2025-10-01 11:16:50.351] [jointLog] [info] Setting consensusSlack to selective-alignment default of 0.35.
[2025-10-01 11:16:50.351] [jointLog] [info] parsing read library format
[2025-10-01 11:16:50.351] [jointLog] [info] There is 1 library.
[2025-10-01 11:16:50.353] [jointLog] [info] Loading pufferfish index
[2025-10-01 11:16:50.354] [jointLog] [info] Loading dense pufferfish index.
[2025-10-01 11:16:50.364] [jointLog] [info] done
[2025-10-01 11:16:50.491] [jointLog] [info] Index contained 111 targets
[2025-10-01 11:16:50.491] [jointLog] [info] Number of decoys : 0
[2025-10-01 11:16:51.801] [jointLog] [info] Automatically detected most likely library type as IU

[2025-10-01 11:16:52.354] [jointLog] [info] Computed 281 rich equivalence classes for further processing
[2025-10-01 11:16:52.354] [jointLog] [info] Counted 133808 total reads in the equivalence classes 
[2025-10-01 11:16:52.359] [jointLog] [info] Number of mappings discarded because of alignment score : 32134
[2025-10-01 11:16:52.359] [jointLog] [info] Number of fragments entirely discarded because of alignment score : 0
[2025-10-01 11:16:52.359] [jointLog] [info] Number of fragments discarded because they are best-mapped to decoys : 0
[2025-10-01 11:16:52.359] [jointLog] [info] Number of fragments discarded because they have only dovetail (discordant) mappings to valid targets : 602
[2025-10-01 11:16:52.359] [jointLog] [warning] Only 133808 fragments were mapped, but the number of burn-in fragments was set to 5000000.
The effective lengths have been computed using the observed mappings.

[2025-10-01 11:16:52.359] [jointLog] [info] Mapping rate = 100%

[2025-10-01 11:16:52.359] [jointLog] [info] finished quantifyLibrary()
[2025-10-01 11:16:52.363] [jointLog] [info] Starting optimizer
[2025-10-01 11:16:52.364] [jointLog] [info] Marked 0 weighted equivalence classes as degenerate
[2025-10-01 11:16:52.364] [jointLog] [info] iteration = 0 | max rel diff. = 2349.76
[2025-10-01 11:16:52.372] [jointLog] [info] iteration = 100 | max rel diff. = 0.0256612
[2025-10-01 11:16:52.381] [jointLog] [info] iteration = 200 | max rel diff. = 0.0171831
[2025-10-01 11:16:52.384] [jointLog] [info] iteration = 245 | max rel diff. = 0.00984617
[2025-10-01 11:16:52.384] [jointLog] [info] Finished optimizer
[2025-10-01 11:16:52.384] [jointLog] [info] writing output 

[2025-10-01 11:16:52.355] [fileLog] [info] 
At end of round 0
==================
Observed 133808 total fragments (133808 in most recent round)

